<?xml version="1.0" encoding="UTF-8"?>
<testsuite xmlns:xsi="http://www.w3.org/2001/XMLSchema-instance" xsi:noNamespaceSchemaLocation="https://maven.apache.org/surefire/maven-surefire-plugin/xsd/surefire-test-report-3.0.xsd" version="3.0" name="com.example.MyAppTest" time="0.079" tests="1" errors="0" skipped="0" failures="0">
  <properties>
    <property name="java.specification.version" value="22"/>
    <property name="sun.cpu.isalist" value="amd64"/>
    <property name="sun.jnu.encoding" value="MS950"/>
    <property name="java.class.path" value="C:\Users\88693\Documents\python\line\target\test-classes;C:\Users\88693\Documents\python\line\target\classes;C:\Users\88693\.m2\repository\org\junit\jupiter\junit-jupiter-api\5.7.0\junit-jupiter-api-5.7.0.jar;C:\Users\88693\.m2\repository\org\apiguardian\apiguardian-api\1.1.0\apiguardian-api-1.1.0.jar;C:\Users\88693\.m2\repository\org\opentest4j\opentest4j\1.2.0\opentest4j-1.2.0.jar;C:\Users\88693\.m2\repository\org\junit\platform\junit-platform-commons\1.7.0\junit-platform-commons-1.7.0.jar;C:\Users\88693\.m2\repository\org\junit\jupiter\junit-jupiter-engine\5.7.0\junit-jupiter-engine-5.7.0.jar;C:\Users\88693\.m2\repository\org\junit\platform\junit-platform-engine\1.7.0\junit-platform-engine-1.7.0.jar;"/>
    <property name="java.vm.vendor" value="Oracle Corporation"/>
    <property name="sun.arch.data.model" value="64"/>
    <property name="user.variant" value=""/>
    <property name="java.vendor.url" value="https://java.oracle.com/"/>
    <property name="user.timezone" value="Asia/Taipei"/>
    <property name="os.name" value="Windows 11"/>
    <property name="java.vm.specification.version" value="22"/>
    <property name="sun.java.launcher" value="SUN_STANDARD"/>
    <property name="user.country" value="TW"/>
    <property name="sun.boot.library.path" value="C:\Program Files\Java\jdk-22\bin"/>
    <property name="sun.java.command" value="C:\Users\88693\AppData\Local\Temp\surefire8501180691984767851\surefirebooter-20240701193459947_3.jar C:\Users\88693\AppData\Local\Temp\surefire8501180691984767851 2024-07-01T19-34-58_752-jvmRun1 surefire-20240701193459947_1tmp surefire_0-20240701193459947_2tmp"/>
    <property name="jdk.debug" value="release"/>
    <property name="surefire.test.class.path" value="C:\Users\88693\Documents\python\line\target\test-classes;C:\Users\88693\Documents\python\line\target\classes;C:\Users\88693\.m2\repository\org\junit\jupiter\junit-jupiter-api\5.7.0\junit-jupiter-api-5.7.0.jar;C:\Users\88693\.m2\repository\org\apiguardian\apiguardian-api\1.1.0\apiguardian-api-1.1.0.jar;C:\Users\88693\.m2\repository\org\opentest4j\opentest4j\1.2.0\opentest4j-1.2.0.jar;C:\Users\88693\.m2\repository\org\junit\platform\junit-platform-commons\1.7.0\junit-platform-commons-1.7.0.jar;C:\Users\88693\.m2\repository\org\junit\jupiter\junit-jupiter-engine\5.7.0\junit-jupiter-engine-5.7.0.jar;C:\Users\88693\.m2\repository\org\junit\platform\junit-platform-engine\1.7.0\junit-platform-engine-1.7.0.jar;"/>
    <property name="sun.cpu.endian" value="little"/>
    <property name="user.home" value="C:\Users\88693"/>
    <property name="user.language" value="zh"/>
    <property name="java.specification.vendor" value="Oracle Corporation"/>
    <property name="java.version.date" value="2024-04-16"/>
    <property name="java.home" value="C:\Program Files\Java\jdk-22"/>
    <property name="file.separator" value="\"/>
    <property name="basedir" value="C:\Users\88693\Documents\python\line"/>
    <property name="java.vm.compressedOopsMode" value="32-bit"/>
    <property name="line.separator" value="&#10;"/>
    <property name="java.vm.specification.vendor" value="Oracle Corporation"/>
    <property name="java.specification.name" value="Java Platform API Specification"/>
    <property name="surefire.real.class.path" value="C:\Users\88693\AppData\Local\Temp\surefire8501180691984767851\surefirebooter-20240701193459947_3.jar"/>
    <property name="user.script" value=""/>
    <property name="sun.management.compiler" value="HotSpot 64-Bit Tiered Compilers"/>
    <property name="java.runtime.version" value="22.0.1+8-16"/>
    <property name="user.name" value="88693"/>
    <property name="stdout.encoding" value="MS950"/>
    <property name="path.separator" value=";"/>
    <property name="os.version" value="10.0"/>
    <property name="java.runtime.name" value="Java(TM) SE Runtime Environment"/>
    <property name="file.encoding" value="UTF-8"/>
    <property name="java.vm.name" value="Java HotSpot(TM) 64-Bit Server VM"/>
    <property name="localRepository" value="C:\Users\88693\.m2\repository"/>
    <property name="java.vendor.url.bug" value="https://bugreport.java.com/bugreport/"/>
    <property name="java.io.tmpdir" value="C:\Users\88693\AppData\Local\Temp\"/>
    <property name="java.version" value="22.0.1"/>
    <property name="user.dir" value="C:\Users\88693\Documents\python\line"/>
    <property name="os.arch" value="amd64"/>
    <property name="java.vm.specification.name" value="Java Virtual Machine Specification"/>
    <property name="sun.os.patch.level" value=""/>
    <property name="native.encoding" value="MS950"/>
    <property name="java.library.path" value="C:\Program Files\Java\jdk-22\bin;C:\WINDOWS\Sun\Java\bin;C:\WINDOWS\system32;C:\WINDOWS;C:\Program Files\Git\cmd;C:\Program Files\Common Files\Oracle\Java\javapath;C:\Users\88693\AppData\Local\Programs\Python\Python3.12\;C:\Users\88693\AppData\Local\Programs\Python\Python3.12\Scripts\;C:\Users\88693\AppData\Local\Microsoft\WindowsApps\PythonSoftwareFoundation.Python.3.12;C:\Program Files\nodejs\;C:\Program Files\heroku;C:\Windows\system32;C:\Windows;C:\Windows\System32\Wbem;C:\Windows\System32\WindowsPowerShell\v1.0\;C:\Windows\System32\OpenSSH\;C:\Program Files\Git\cmd;C:\Program Files\Git\bin;C:\Program Files\Git\usr\bin;C:\Users\88693\Documents\python\line\Django\your_projec_line\chatterbot_app;C:\Users\88693\Documents\python\line\Django;C:\Users\88693\Documents\python\line\Django\your_projec_line;C:\Users\88693\Documents\python\line\linebot;C:\Program Files\containerd;C:\Program Files\nssm-2.24\win64;C:\Program Files\Microsoft SQL Server\150\Tools\Binn\;C:\Program Files\Microsoft SQL Server\Client SDK\ODBC\170\Tools\Binn\;C:\Program Files\dotnet\;C:\Program Files (x86)\Windows Kits\10\Windows Performance Toolkit\;C:\Program Files\Microsoft Visual Studio\2022\Preview;C:\Program Files;C:\Program Files\Amazon\AWSCLIV2\;C:\Program Files\apache-maven-3.9.8\bin;C:\Program Files\Java\jdk-22\bin;C:\Users\88693\AppData\Local\Programs\Python\Python312\Scripts\;C:\Users\88693\AppData\Local\Programs\Python\Python312\;C:\Users\88693\miniconda3;C:\Users\88693\miniconda3\Library\mingw-w64\bin;C:\Users\88693\miniconda3\Library\usr\bin;C:\Users\88693\miniconda3\Library\bin;C:\Users\88693\miniconda3\Scripts;C:\Ruby33-x64\bin;C:\Users\88693\AppData\Local\Programs\Python\Python39\Scripts\;C:\Users\88693\AppData\Local\Programs\Python\Python39\;C:\Users\88693\AppData\Local\Programs\Python\Python3.12\;C:\Users\88693\AppData\Local\Programs\Python\Python3.12\Scripts\;C:\Users\88693\AppData\Local\Microsoft\WindowsApps\PythonSoftwareFoundation.Python.3.12;C:\Program Files\nodejs\;C:\Program Files\Git\cmd;C:\Program Files\heroku;C:\Windows\system32;C:\Windows;C:\Windows\System32\Wbem;C:\Windows\System32\WindowsPowerShell\v1.0\;C:\Windows\System32\OpenSSH\;C:\Program Files\heroku\bin;C:\Program Files\Git\bin;C:\Program Files\Git\usr\bin;C:\Users\88693\Documents\python\line\Django\your_projec_line\chatterbot_app;C:\Users\88693\Documents\python\line\Django;C:\Users\88693\Documents\python\line\Django\your_projec_line;C:\Program Files\containerd;C:\Program Files\nssm-2.24\win64;C:\Users\88693\.dotnet\tools;C:\Program Files\Microsoft Visual Studio\2022\Preview;C:\Program Files;C:\Program Files\apache-maven-3.9.8\bin;C:\Program Files\Java\jdk-22\bin;;."/>
    <property name="java.vm.info" value="mixed mode, sharing"/>
    <property name="stderr.encoding" value="MS950"/>
    <property name="java.vendor" value="Oracle Corporation"/>
    <property name="java.vm.version" value="22.0.1+8-16"/>
    <property name="sun.io.unicode.encoding" value="UnicodeLittle"/>
    <property name="java.class.version" value="66.0"/>
  </properties>
  <testcase name="testMain" classname="com.example.MyAppTest" time="0.047"/>
</testsuite>